<?xml version="1.0" encoding="UTF-8"?>
<!-- Generated by org.testng.reporters.JUnitReportReporter -->
<testsuite hostname="DESKTOP-M7L1FCC" failures="0" tests="1" name="com.qa.test.Testcase4" time="13.396" errors="0" timestamp="2024-02-12T11:45:33 IST" skipped="0">
  <testcase classname="com.qa.test.Testcase4" name="test4" time="13.396"/>
  <system-out/>
</testsuite> <!-- com.qa.test.Testcase4 -->
