<?xml version="1.0" encoding="UTF-8"?>
<!-- Generated by org.testng.reporters.JUnitReportReporter -->
<testsuite hostname="DESKTOP-M7L1FCC" failures="0" tests="1" name="com.qa.test.TestCase1" time="19.713" errors="0" timestamp="2024-02-11T23:41:10 IST" skipped="0">
  <testcase classname="com.qa.test.TestCase1" name="test_Case_1" time="19.713"/>
  <system-out/>
</testsuite> <!-- com.qa.test.TestCase1 -->
